<?xml version="1.0" encoding="UTF-8"?>
<testsuite xmlns:xsi="http://www.w3.org/2001/XMLSchema-instance" xsi:noNamespaceSchemaLocation="https://maven.apache.org/surefire/maven-surefire-plugin/xsd/surefire-test-report-3.0.xsd" version="3.0" name="acsc.taco.MathUtilsTest" time="0.231" tests="13" errors="0" skipped="2" failures="0">
  <properties>
[...]
</properties>
  <testcase name="testComputeCircleRadiusRepeat{RepetitionInfo}[1]" classname="acsc.taco.MathUtilsTest" time="0.072"/>
  <testcase name="testComputeCircleRadiusRepeat{RepetitionInfo}[2]" classname="acsc.taco.MathUtilsTest" time="0.002"/>
  <testcase name="testComputeCircleRadiusRepeat{RepetitionInfo}[3]" classname="acsc.taco.MathUtilsTest" time="0.006"/>
  <testcase name="testAddFail" classname="acsc.taco.MathUtilsTest" time="0.003"/>
  <testcase name="testAdd" classname="acsc.taco.MathUtilsTest" time="0.003"/>
  <testcase name="testAddPositive" classname="acsc.taco.MathUtilsTest" time="0.003"/>
  <testcase name="testAddPositive" classname="acsc.taco.MathUtilsTest$AddTest" time="0.001"/>
  <testcase name="testAddNegative" classname="acsc.taco.MathUtilsTest" time="0.003"/>
  <testcase name="testAddNegative" classname="acsc.taco.MathUtilsTest$AddTest" time="0.001"/>
  <testcase name="testDisabled" classname="acsc.taco.MathUtilsTest" time="0">
    <skipped message="void acsc.taco.MathUtilsTest.testDisabled() is @Disabled"/>
  </testcase>
  <testcase name="testDivide" classname="acsc.taco.MathUtilsTest" time="0">
    <skipped message="Assumption failed: assumption is not true" type="org.opentest4j.TestAbortedException">org.opentest4j.TestAbortedException: Assumption failed: assumption is not true
	at acsc.taco.MathUtilsTest.testDivide(MathUtilsTest.java:128)
</skipped>
    <system-out><![CDATA[Cleaning up...
]]></system-out>
  </testcase>
  <testcase name="testMultiply" classname="acsc.taco.MathUtilsTest" time="0.006"/>
  <testcase name="testComputeCircleRadius" classname="acsc.taco.MathUtilsTest" time="0.006"/>
</testsuite>